[debug] [2019-01-24T13:46:45.447Z] ----------------------------------------------------------------------
[debug] [2019-01-24T13:46:45.449Z] Command:       /usr/local/bin/node /usr/local/bin/firebase deploy --only functions
[debug] [2019-01-24T13:46:45.449Z] CLI Version:   6.3.0
[debug] [2019-01-24T13:46:45.449Z] Platform:      darwin
[debug] [2019-01-24T13:46:45.449Z] Node Version:  v11.3.0
[debug] [2019-01-24T13:46:45.451Z] Time:          Thu Jan 24 2019 22:46:45 GMT+0900 (GMT+09:00)
[debug] [2019-01-24T13:46:45.451Z] ----------------------------------------------------------------------
[debug] 
[debug] [2019-01-24T13:46:45.468Z] > command requires scopes: ["email","openid","https://www.googleapis.com/auth/cloudplatformprojects.readonly","https://www.googleapis.com/auth/firebase","https://www.googleapis.com/auth/cloud-platform"]
[debug] [2019-01-24T13:46:45.468Z] > authorizing via signed-in user
[debug] [2019-01-24T13:46:45.468Z] [iam] checking project test-55017 for permissions ["cloudfunctions.functions.create","cloudfunctions.functions.delete","cloudfunctions.functions.get","cloudfunctions.functions.list","cloudfunctions.functions.update","cloudfunctions.operations.get","firebase.projects.get"]
[debug] [2019-01-24T13:46:45.471Z] >>> HTTP REQUEST POST https://cloudresourcemanager.googleapis.com/v1/projects/test-55017:testIamPermissions  

[debug] [2019-01-24T13:46:46.405Z] <<< HTTP RESPONSE 200
[info] 
[info] === Deploying to 'test-55017'...
[info] 
[info] i  deploying functions
[info] Running command: npm --prefix "$RESOURCE_DIR" run lint
[info] Running command: npm --prefix "$RESOURCE_DIR" run build
[info] ✔  functions: Finished running predeploy script.
[debug] [2019-01-24T13:46:58.333Z] > [functions] package.json contents: {
  "name": "functions",
  "scripts": {
    "lint": "tslint --project tsconfig.json",
    "build": "tsc",
    "serve": "npm run build && firebase serve --only functions",
    "shell": "npm run build && firebase functions:shell",
    "start": "npm run shell",
    "deploy": "firebase deploy --only functions",
    "logs": "firebase functions:log"
  },
  "main": "lib/index.js",
  "dependencies": {
    "@types/encoding-japanese": "^1.0.15",
    "encoding-japanese": "^1.0.29",
    "firebase-admin": "~6.0.0",
    "firebase-functions": "^2.1.0",
    "nem-library": "^1.0.9",
    "rxjs": "^5.5.10"
  },
  "devDependencies": {
    "tslint": "^5.12.0",
    "typescript": "^3.2.2"
  },
  "private": true
}
[info] i  functions: ensuring necessary APIs are enabled...
[debug] [2019-01-24T13:46:58.333Z] >>> HTTP REQUEST GET https://servicemanagement.googleapis.com/v1/services/cloudfunctions.googleapis.com/projectSettings/test-55017?view=CONSUMER_VIEW  
 
[debug] [2019-01-24T13:46:58.334Z] >>> HTTP REQUEST GET https://servicemanagement.googleapis.com/v1/services/runtimeconfig.googleapis.com/projectSettings/test-55017?view=CONSUMER_VIEW  
 
[debug] [2019-01-24T13:47:00.055Z] <<< HTTP RESPONSE 200
[debug] [2019-01-24T13:47:00.062Z] <<< HTTP RESPONSE 200
[info] ✔  functions: all necessary APIs are enabled
[debug] [2019-01-24T13:47:00.065Z] >>> HTTP REQUEST GET https://cloudresourcemanager.googleapis.com/v1/projects/test-55017  
 
[debug] [2019-01-24T13:47:00.947Z] <<< HTTP RESPONSE 200
[debug] [2019-01-24T13:47:00.948Z] >>> HTTP REQUEST GET https://mobilesdk-pa.googleapis.com/v1/projects/748567565501:getServerAppConfig  
 
[debug] [2019-01-24T13:47:01.830Z] <<< HTTP RESPONSE 200
[info] i  functions: preparing functions directory for uploading...
[debug] [2019-01-24T13:47:01.834Z] >>> HTTP REQUEST GET https://runtimeconfig.googleapis.com/v1beta1/projects/test-55017/configs  
 
[debug] [2019-01-24T13:47:03.880Z] <<< HTTP RESPONSE 200
[info] i  functions: packaged functions (163.03 KB) for uploading
[debug] [2019-01-24T13:47:06.051Z] >>> HTTP REQUEST POST https://cloudfunctions.googleapis.com/v1/projects/test-55017/locations/us-central1/functions:generateUploadUrl  
 
